[debug] [2023-10-14T17:56:31.622Z] ----------------------------------------------------------------------
[debug] [2023-10-14T17:56:31.626Z] Command:       C:\Program Files\nodejs\node.exe C:\Users\91960\AppData\Roaming\npm\node_modules\firebase-tools\lib\bin\firebase.js init
[debug] [2023-10-14T17:56:31.627Z] CLI Version:   12.7.0
[debug] [2023-10-14T17:56:31.627Z] Platform:      win32
[debug] [2023-10-14T17:56:31.628Z] Node Version:  v18.17.1
[debug] [2023-10-14T17:56:31.629Z] Time:          Sat Oct 14 2023 23:26:31 GMT+0530 (India Standard Time)
[debug] [2023-10-14T17:56:31.629Z] ----------------------------------------------------------------------
[debug] 
[debug] [2023-10-14T17:56:31.644Z] > command requires scopes: ["email","openid","https://www.googleapis.com/auth/cloudplatformprojects.readonly","https://www.googleapis.com/auth/firebase","https://www.googleapis.com/auth/cloud-platform"]
[debug] [2023-10-14T17:56:31.645Z] > authorizing via signed-in user (araj70628@gmail.com)
[info] 
     ######## #### ########  ######## ########     ###     ######  ########
     ##        ##  ##     ## ##       ##     ##  ##   ##  ##       ##
     ######    ##  ########  ######   ########  #########  ######  ######
     ##        ##  ##    ##  ##       ##     ## ##     ##       ## ##
     ##       #### ##     ## ######## ########  ##     ##  ######  ########

You're about to initialize a Firebase project in this directory:

  C:\Users\91960\Desktop\registrationform

[info] 
=== Project Setup
[info] 
[info] First, let's associate this project directory with a Firebase project.
[info] You can create multiple project aliases by running firebase use --add, 
[info] but for now we'll just set up a default project.
[info] 
[debug] [2023-10-14T17:56:47.499Z] >>> [apiv2][query] GET https://firebase.googleapis.com/v1beta1/projects pageSize=100
[debug] [2023-10-14T17:56:49.637Z] <<< [apiv2][status] GET https://firebase.googleapis.com/v1beta1/projects 200
[debug] [2023-10-14T17:56:49.639Z] <<< [apiv2][body] GET https://firebase.googleapis.com/v1beta1/projects [omitted]
[info] i  Using project amrit-43722 (amrit) 
[info] 
=== Hosting Setup
[info] 
[info] Your public directory is the folder (relative to your project directory) that
[info] will contain Hosting assets to be uploaded with firebase deploy. If you
[info] have a build process for your assets, use your build's output directory.
[info] 
